# JRE version: Java(TM) SE Runtime Environment (24.0.1+9) (build 24.0.1+9-30)
# Java VM: Java HotSpot(TM) 64-Bit Server VM (24.0.1+9-30, mixed mode, sharing, tiered, compressed oops, compressed class ptrs, g1 gc, windows-amd64)
GC Precious Log:
 CardTable entry size: 512
 Card Set container configuration: InlinePtr #cards 4 size 8 Array Of Cards #cards 16 size 48 Howl #buckets 8 coarsen threshold 3686 Howl Bitmap #cards 512 size 80 coarsen threshold 460 Card regions per heap region 1 cards per card region 4096
 CPUs: 4 total, 4 available
 Memory: 12174M
 Large Page Support: Disabled
 NUMA Support: Disabled
 Compressed Oops: Enabled (Zero based)
 Heap Region Size: 2M
 Heap Min Capacity: 8M
 Heap Initial Capacity: 192M
 Heap Max Capacity: 3044M
 Pre-touch: Disabled
 Parallel Workers: 4
 Concurrent Workers: 1
 Concurrent Refinement Workers: 4
 Periodic GC: Disabled
Heap:
 garbage-first heap   total reserved 3117056K, committed 51200K, used 25213K [0x0000000741c00000, 0x0000000800000000)
  region size 2048K, 9 young (18432K), 2 survivors (4096K)
 Metaspace       used 26009K, committed 26304K, reserved 1114112K
  class space    used 2604K, committed 2752K, reserved 1048576K
GC Heap History (12 events):
Event: 2.083 GC heap before
{Heap before GC invocations=0 (full 0):
 garbage-first heap   total reserved 3117056K, committed 198656K, used 29812K [0x0000000741c00000, 0x0000000800000000)
  region size 2048K, 14 young (28672K), 0 survivors (0K)
 Metaspace       used 3575K, committed 3776K, reserved 1114112K
  class space    used 289K, committed 384K, reserved 1048576K
}
Event: 2.096 GC heap after
{Heap after GC invocations=1 (full 0):
 garbage-first heap   total reserved 3117056K, committed 198656K, used 3073K [0x0000000741c00000, 0x0000000800000000)
  region size 2048K, 1 young (2048K), 1 survivors (2048K)
 Metaspace       used 3575K, committed 3776K, reserved 1114112K
  class space    used 289K, committed 384K, reserved 1048576K
}
Event: 7.309 GC heap before
{Heap before GC invocations=1 (full 0):
 garbage-first heap   total reserved 3117056K, committed 198656K, used 91137K [0x0000000741c00000, 0x0000000800000000)
  region size 2048K, 44 young (90112K), 1 survivors (2048K)
 Metaspace       used 12217K, committed 12480K, reserved 1114112K
  class space    used 1280K, committed 1408K, reserved 1048576K
}
Event: 7.321 GC heap after
{Heap after GC invocations=2 (full 0):
 garbage-first heap   total reserved 3117056K, committed 198656K, used 6515K [0x0000000741c00000, 0x0000000800000000)
  region size 2048K, 3 young (6144K), 3 survivors (6144K)
 Metaspace       used 12217K, committed 12480K, reserved 1114112K
  class space    used 1280K, committed 1408K, reserved 1048576K
}
Event: 12.745 GC heap before
{Heap before GC invocations=2 (full 0):
 garbage-first heap   total reserved 3117056K, committed 198656K, used 94579K [0x0000000741c00000, 0x0000000800000000)
  region size 2048K, 47 young (96256K), 3 survivors (6144K)
 Metaspace       used 21185K, committed 21504K, reserved 1114112K
  class space    used 2073K, committed 2240K, reserved 1048576K
}
Event: 12.762 GC heap after
{Heap after GC invocations=3 (full 0):
 garbage-first heap   total reserved 3117056K, committed 198656K, used 10995K [0x0000000741c00000, 0x0000000800000000)
  region size 2048K, 5 young (10240K), 5 survivors (10240K)
 Metaspace       used 21185K, committed 21504K, reserved 1114112K
  class space    used 2073K, committed 2240K, reserved 1048576K
}
Event: 12.911 GC heap before
{Heap before GC invocations=4 (full 0):
 garbage-first heap   total reserved 3117056K, committed 40960K, used 39667K [0x0000000741c00000, 0x0000000800000000)
  region size 2048K, 19 young (38912K), 5 survivors (10240K)
 Metaspace       used 21194K, committed 21568K, reserved 1114112K
  class space    used 2073K, committed 2240K, reserved 1048576K
}
Event: 12.929 GC heap after
{Heap after GC invocations=5 (full 0):
 garbage-first heap   total reserved 3117056K, committed 51200K, used 11292K [0x0000000741c00000, 0x0000000800000000)
  region size 2048K, 4 young (8192K), 4 survivors (8192K)
 Metaspace       used 21194K, committed 21568K, reserved 1114112K
  class space    used 2073K, committed 2240K, reserved 1048576K
}
Event: 14.851 GC heap before
{Heap before GC invocations=5 (full 0):
 garbage-first heap   total reserved 3117056K, committed 51200K, used 33820K [0x0000000741c00000, 0x0000000800000000)
  region size 2048K, 15 young (30720K), 4 survivors (8192K)
 Metaspace       used 22740K, committed 23040K, reserved 1114112K
  class space    used 2267K, committed 2368K, reserved 1048576K
}
Event: 14.874 GC heap after
{Heap after GC invocations=6 (full 0):
 garbage-first heap   total reserved 3117056K, committed 51200K, used 12188K [0x0000000741c00000, 0x0000000800000000)
  region size 2048K, 1 young (2048K), 1 survivors (2048K)
 Metaspace       used 22740K, committed 23040K, reserved 1114112K
  class space    used 2267K, committed 2368K, reserved 1048576K
}
Event: 17.768 GC heap before
{Heap before GC invocations=6 (full 0):
 garbage-first heap   total reserved 3117056K, committed 51200K, used 34716K [0x0000000741c00000, 0x0000000800000000)
  region size 2048K, 13 young (26624K), 1 survivors (2048K)
 Metaspace       used 25344K, committed 25664K, reserved 1114112K
  class space    used 2526K, committed 2688K, reserved 1048576K
}
Event: 17.776 GC heap after
{Heap after GC invocations=7 (full 0):
 garbage-first heap   total reserved 3117056K, committed 51200K, used 12925K [0x0000000741c00000, 0x0000000800000000)
  region size 2048K, 2 young (4096K), 2 survivors (4096K)
 Metaspace       used 25344K, committed 25664K, reserved 1114112K
  class space    used 2526K, committed 2688K, reserved 1048576K
}

